Apps/Driver/New Owners/build/app/intermediates/manifest_merge_blame_file/release/manifest-merger-blame-release-report.txt
1<?xml version="1.0" encoding="utf-8"?>
2<manifest xmlns:android="http://schemas.android.com/apk/res/android"
3    package="com.deliverymall.driver"
4    android:versionCode="4035"
5    android:versionName="1.5.6" >
6
7    <uses-sdk
8        android:minSdkVersion="23"
8-->src/main/AndroidManifest.xml
9        android:targetSdkVersion="30" />
9-->src/main/AndroidManifest.xml
10    <!--
11         io.flutter.app.FlutterApplication is an android.app.Application that
12         calls FlutterMain.startInitialization(this); in its onCreate method.
13         In most cases you can leave this as-is, but you if you want to provide
14         additional functionality it is fine to subclass or reimplement FlutterApplication and put your custom class here.
15    -->
16    <!-- <uses-permission android:name="android.permission.QUERY_ALL_PACKAGES"/> -->
17    <!--
18         <uses-permission android:name="android.permission.ACCESS_BACKGROUND_LOCATION"
19                tools:node="remove"/>
20    -->
21    <uses-permission android:name="android.permission.INTERNET" />
21-->src/main/AndroidManifest.xml:11:5-66
21-->src/main/AndroidManifest.xml:11:22-64
22    <uses-permission android:name="android.permission.ACCESS_COARSE_LOCATION" />
22-->src/main/AndroidManifest.xml:12:5-81
22-->src/main/AndroidManifest.xml:12:22-78
23    <uses-permission android:name="android.permission.ACCESS_FINE_LOCATION" />
23-->src/main/AndroidManifest.xml:13:5-79
23-->src/main/AndroidManifest.xml:13:22-76
24    <uses-permission android:name="android.permission.FOREGROUND_SERVICE" />
24-->src/main/AndroidManifest.xml:14:5-77
24-->src/main/AndroidManifest.xml:14:22-74
25    <uses-permission android:name="android.permission.REQUEST_IGNORE_BATTERY_OPTIMIZATIONS" />
25-->src/main/AndroidManifest.xml:15:5-95
25-->src/main/AndroidManifest.xml:15:22-92
26    <uses-permission android:name="android.permission.ACCESS_BACKGROUND_LOCATION" />
26-->src/main/AndroidManifest.xml:16:5-84
26-->src/main/AndroidManifest.xml:16:22-82
27
28    <queries>
28-->src/main/AndroidManifest.xml:17:5-30:15
29        <intent>
29-->src/main/AndroidManifest.xml:18:9-21:18
30            <action android:name="android.intent.action.VIEW" />
30-->src/main/AndroidManifest.xml:19:13-65
30-->src/main/AndroidManifest.xml:19:21-62
31
32            <data android:scheme="https" />
32-->src/main/AndroidManifest.xml:20:13-44
32-->src/main/AndroidManifest.xml:20:19-41
33        </intent>
34        <intent>
34-->src/main/AndroidManifest.xml:22:9-25:18
35            <action android:name="android.intent.action.DIAL" />
35-->src/main/AndroidManifest.xml:23:13-65
35-->src/main/AndroidManifest.xml:23:21-62
36
37            <data android:scheme="tel" />
37-->src/main/AndroidManifest.xml:20:13-44
37-->src/main/AndroidManifest.xml:20:19-41
38        </intent>
39        <intent>
39-->src/main/AndroidManifest.xml:26:9-29:18
40            <action android:name="android.intent.action.SEND" />
40-->src/main/AndroidManifest.xml:27:13-65
40-->src/main/AndroidManifest.xml:27:21-62
41
42            <data android:mimeType="*/*" />
42-->src/main/AndroidManifest.xml:20:13-44
42-->src/main/AndroidManifest.xml:28:19-41
43        </intent>
44        <intent>
44-->[:flutter_inappwebview] AndroidManifest.xml:8:9-10:18
45            <action android:name="android.support.customtabs.action.CustomTabsService" />
45-->[:flutter_inappwebview] AndroidManifest.xml:9:13-90
45-->[:flutter_inappwebview] AndroidManifest.xml:9:21-87
46        </intent>
47
48        <package android:name="com.google.android.apps.maps" />
48-->[:map_launcher] AndroidManifest.xml:8:9-64
48-->[:map_launcher] AndroidManifest.xml:8:18-61
49        <package android:name="com.google.android.apps.mapslite" />
49-->[:map_launcher] AndroidManifest.xml:9:9-68
49-->[:map_launcher] AndroidManifest.xml:9:18-65
50        <package android:name="com.autonavi.minimap" />
50-->[:map_launcher] AndroidManifest.xml:10:9-56
50-->[:map_launcher] AndroidManifest.xml:10:18-53
51        <package android:name="com.baidu.BaiduMap" />
51-->[:map_launcher] AndroidManifest.xml:11:9-54
51-->[:map_launcher] AndroidManifest.xml:11:18-51
52        <package android:name="com.waze" />
52-->[:map_launcher] AndroidManifest.xml:12:9-44
52-->[:map_launcher] AndroidManifest.xml:12:18-41
53        <package android:name="ru.yandex.yandexnavi" />
53-->[:map_launcher] AndroidManifest.xml:13:9-56
53-->[:map_launcher] AndroidManifest.xml:13:18-53
54        <package android:name="ru.yandex.yandexmaps" />
54-->[:map_launcher] AndroidManifest.xml:14:9-56
54-->[:map_launcher] AndroidManifest.xml:14:18-53
55        <package android:name="com.citymapper.app.release" />
55-->[:map_launcher] AndroidManifest.xml:15:9-62
55-->[:map_launcher] AndroidManifest.xml:15:18-59
56        <package android:name="com.mapswithme.maps.pro" />
56-->[:map_launcher] AndroidManifest.xml:16:9-59
56-->[:map_launcher] AndroidManifest.xml:16:18-56
57        <package android:name="net.osmand" />
57-->[:map_launcher] AndroidManifest.xml:17:9-46
57-->[:map_launcher] AndroidManifest.xml:17:18-43
58        <package android:name="ru.dublgis.dgismobile" />
58-->[:map_launcher] AndroidManifest.xml:18:9-57
58-->[:map_launcher] AndroidManifest.xml:18:18-54
59        <package android:name="com.tencent.map" />
59-->[:map_launcher] AndroidManifest.xml:19:9-51
59-->[:map_launcher] AndroidManifest.xml:19:18-48
60    </queries>
61
62    <uses-permission android:name="android.permission.WAKE_LOCK" />
62-->[:firebase_messaging] AndroidManifest.xml:8:5-68
62-->[:firebase_messaging] AndroidManifest.xml:8:22-65
63    <uses-permission android:name="android.permission.ACCESS_NETWORK_STATE" />
63-->[:firebase_messaging] AndroidManifest.xml:9:5-79
63-->[:firebase_messaging] AndroidManifest.xml:9:22-76
64    <uses-permission android:name="android.permission.VIBRATE" />
64-->[:assets_audio_player] AndroidManifest.xml:8:5-66
64-->[:assets_audio_player] AndroidManifest.xml:8:22-63
65    <uses-permission android:name="android.permission.WRITE_EXTERNAL_STORAGE" />
66    <uses-permission android:name="android.permission.READ_PHONE_STATE" />
67    <uses-permission android:name="android.permission.READ_EXTERNAL_STORAGE" />
68    <uses-permission android:name="android.permission.RECEIVE_BOOT_COMPLETED" /> <!-- Required by older versions of Google Play services to create IID tokens -->
68-->[:awesome_notifications] AndroidManifest.xml:7:5-81
68-->[:awesome_notifications] AndroidManifest.xml:7:22-78
69    <uses-permission android:name="com.google.android.c2dm.permission.RECEIVE" />
69-->[com.google.firebase:firebase-messaging:23.0.2] AndroidManifest.xml:28:5-82
69-->[com.google.firebase:firebase-messaging:23.0.2] AndroidManifest.xml:28:22-79
70
71    <uses-feature
71-->[com.google.android.gms:play-services-maps:17.0.0] AndroidManifest.xml:26:5-28:35
72        android:glEsVersion="0x00020000"
72-->[com.google.android.gms:play-services-maps:17.0.0] AndroidManifest.xml:27:9-41
73        android:required="true" />
73-->[com.google.android.gms:play-services-maps:17.0.0] AndroidManifest.xml:28:9-32
74
75    <uses-permission android:name="android.permission.CAMERA" /> <!-- Don't require camera, as this requires a rear camera. This allows it to work on the Nexus 7 -->
75-->[com.journeyapps:zxing-android-embedded:4.1.0] AndroidManifest.xml:22:5-65
75-->[com.journeyapps:zxing-android-embedded:4.1.0] AndroidManifest.xml:22:22-62
76    <uses-feature
76-->[com.journeyapps:zxing-android-embedded:4.1.0] AndroidManifest.xml:25:5-27:36
77        android:name="android.hardware.camera"
77-->[com.journeyapps:zxing-android-embedded:4.1.0] AndroidManifest.xml:26:9-47
78        android:required="false" />
78-->[com.journeyapps:zxing-android-embedded:4.1.0] AndroidManifest.xml:27:9-33
79    <uses-feature
79-->[com.journeyapps:zxing-android-embedded:4.1.0] AndroidManifest.xml:28:5-30:36
80        android:name="android.hardware.camera.front"
80-->[com.journeyapps:zxing-android-embedded:4.1.0] AndroidManifest.xml:29:9-53
81        android:required="false" /> <!-- TODO replace above two with next line after Android 4.2 -->
81-->[com.journeyapps:zxing-android-embedded:4.1.0] AndroidManifest.xml:30:9-33
82    <!-- <uses-feature android:name="android.hardware.camera.any"/> -->
83    <uses-feature
83-->[com.journeyapps:zxing-android-embedded:4.1.0] AndroidManifest.xml:33:5-35:36
84        android:name="android.hardware.camera.autofocus"
84-->[com.journeyapps:zxing-android-embedded:4.1.0] AndroidManifest.xml:34:9-57
85        android:required="false" />
85-->[com.journeyapps:zxing-android-embedded:4.1.0] AndroidManifest.xml:35:9-33
86    <uses-feature
86-->[com.journeyapps:zxing-android-embedded:4.1.0] AndroidManifest.xml:36:5-38:36
87        android:name="android.hardware.camera.flash"
87-->[com.journeyapps:zxing-android-embedded:4.1.0] AndroidManifest.xml:37:9-53
88        android:required="false" />
88-->[com.journeyapps:zxing-android-embedded:4.1.0] AndroidManifest.xml:38:9-33
89    <uses-feature
89-->[com.journeyapps:zxing-android-embedded:4.1.0] AndroidManifest.xml:39:5-41:36
90        android:name="android.hardware.screen.landscape"
90-->[com.journeyapps:zxing-android-embedded:4.1.0] AndroidManifest.xml:40:9-57
91        android:required="false" />
91-->[com.journeyapps:zxing-android-embedded:4.1.0] AndroidManifest.xml:41:9-33
92    <uses-feature
92-->[com.journeyapps:zxing-android-embedded:4.1.0] AndroidManifest.xml:42:5-44:36
93        android:name="android.hardware.wifi"
93-->[com.journeyapps:zxing-android-embedded:4.1.0] AndroidManifest.xml:43:9-45
94        android:required="false" /> <!-- for android -->
94-->[com.journeyapps:zxing-android-embedded:4.1.0] AndroidManifest.xml:44:9-33
95    <!-- <uses-permission android:name="com.android.launcher.permission.READ_SETTINGS"/> -->
96    <!-- <uses-permission android:name="com.android.launcher.permission.WRITE_SETTINGS"/> -->
97    <!-- <uses-permission android:name="com.android.launcher.permission.INSTALL_SHORTCUT" /> -->
98    <!-- <uses-permission android:name="com.android.launcher.permission.UNINSTALL_SHORTCUT" /> -->
99    <!-- for Samsung -->
100    <uses-permission android:name="com.sec.android.provider.badge.permission.READ" />
100-->[me.leolin:ShortcutBadger:1.1.22] AndroidManifest.xml:19:5-86
100-->[me.leolin:ShortcutBadger:1.1.22] AndroidManifest.xml:19:22-83
101    <uses-permission android:name="com.sec.android.provider.badge.permission.WRITE" /> <!-- for htc -->
101-->[me.leolin:ShortcutBadger:1.1.22] AndroidManifest.xml:20:5-87
101-->[me.leolin:ShortcutBadger:1.1.22] AndroidManifest.xml:20:22-84
102    <uses-permission android:name="com.htc.launcher.permission.READ_SETTINGS" />
102-->[me.leolin:ShortcutBadger:1.1.22] AndroidManifest.xml:23:5-81
102-->[me.leolin:ShortcutBadger:1.1.22] AndroidManifest.xml:23:22-78
103    <uses-permission android:name="com.htc.launcher.permission.UPDATE_SHORTCUT" /> <!-- for sony -->
103-->[me.leolin:ShortcutBadger:1.1.22] AndroidManifest.xml:24:5-83
103-->[me.leolin:ShortcutBadger:1.1.22] AndroidManifest.xml:24:22-80
104    <uses-permission android:name="com.sonyericsson.home.permission.BROADCAST_BADGE" />
104-->[me.leolin:ShortcutBadger:1.1.22] AndroidManifest.xml:27:5-88
104-->[me.leolin:ShortcutBadger:1.1.22] AndroidManifest.xml:27:22-85
105    <uses-permission android:name="com.sonymobile.home.permission.PROVIDER_INSERT_BADGE" /> <!-- for apex -->
105-->[me.leolin:ShortcutBadger:1.1.22] AndroidManifest.xml:28:5-92
105-->[me.leolin:ShortcutBadger:1.1.22] AndroidManifest.xml:28:22-89
106    <uses-permission android:name="com.anddoes.launcher.permission.UPDATE_COUNT" /> <!-- for solid -->
106-->[me.leolin:ShortcutBadger:1.1.22] AndroidManifest.xml:31:5-84
106-->[me.leolin:ShortcutBadger:1.1.22] AndroidManifest.xml:31:22-81
107    <uses-permission android:name="com.majeur.launcher.permission.UPDATE_BADGE" /> <!-- for huawei -->
107-->[me.leolin:ShortcutBadger:1.1.22] AndroidManifest.xml:34:5-83
107-->[me.leolin:ShortcutBadger:1.1.22] AndroidManifest.xml:34:22-80
108    <uses-permission android:name="com.huawei.android.launcher.permission.CHANGE_BADGE" />
108-->[me.leolin:ShortcutBadger:1.1.22] AndroidManifest.xml:37:5-91
108-->[me.leolin:ShortcutBadger:1.1.22] AndroidManifest.xml:37:22-88
109    <uses-permission android:name="com.huawei.android.launcher.permission.READ_SETTINGS" />
109-->[me.leolin:ShortcutBadger:1.1.22] AndroidManifest.xml:38:5-92
109-->[me.leolin:ShortcutBadger:1.1.22] AndroidManifest.xml:38:22-89
110    <uses-permission android:name="com.huawei.android.launcher.permission.WRITE_SETTINGS" /> <!-- for ZUK -->
110-->[me.leolin:ShortcutBadger:1.1.22] AndroidManifest.xml:39:5-93
110-->[me.leolin:ShortcutBadger:1.1.22] AndroidManifest.xml:39:22-90
111    <uses-permission android:name="android.permission.READ_APP_BADGE" /> <!-- for OPPO -->
111-->[me.leolin:ShortcutBadger:1.1.22] AndroidManifest.xml:42:5-73
111-->[me.leolin:ShortcutBadger:1.1.22] AndroidManifest.xml:42:22-70
112    <uses-permission android:name="com.oppo.launcher.permission.READ_SETTINGS" />
112-->[me.leolin:ShortcutBadger:1.1.22] AndroidManifest.xml:45:5-82
112-->[me.leolin:ShortcutBadger:1.1.22] AndroidManifest.xml:45:22-79
113    <uses-permission android:name="com.oppo.launcher.permission.WRITE_SETTINGS" /> <!-- for EvMe -->
113-->[me.leolin:ShortcutBadger:1.1.22] AndroidManifest.xml:46:5-83
113-->[me.leolin:ShortcutBadger:1.1.22] AndroidManifest.xml:46:22-80
114    <uses-permission android:name="me.everything.badger.permission.BADGE_COUNT_READ" />
114-->[me.leolin:ShortcutBadger:1.1.22] AndroidManifest.xml:49:5-88
114-->[me.leolin:ShortcutBadger:1.1.22] AndroidManifest.xml:49:22-85
115    <uses-permission android:name="me.everything.badger.permission.BADGE_COUNT_WRITE" />
115-->[me.leolin:ShortcutBadger:1.1.22] AndroidManifest.xml:50:5-89
115-->[me.leolin:ShortcutBadger:1.1.22] AndroidManifest.xml:50:22-86
116
117    <application
118        android:name="android.app.Application"
118-->src/main/AndroidManifest.xml:35:9-42
119        android:appComponentFactory="androidx.core.app.CoreComponentFactory"
119-->[androidx.core:core:1.7.0] AndroidManifest.xml:24:18-86
120        android:extractNativeLibs="false"
121        android:icon="@mipmap/launcher_icon"
121-->src/main/AndroidManifest.xml:39:9-45
122        android:label="Glover Delivery Boy"
122-->src/main/AndroidManifest.xml:36:9-44
123        android:requestLegacyExternalStorage="true"
123-->src/main/AndroidManifest.xml:38:9-52
124        android:usesCleartextTraffic="true" >
124-->src/main/AndroidManifest.xml:37:9-44
125        <activity
125-->src/main/AndroidManifest.xml:41:9-84:20
126            android:name="online.edentech.fuodzdeliveryboy.MainActivity"
126-->src/main/AndroidManifest.xml:42:13-41
127            android:configChanges="orientation|keyboardHidden|keyboard|screenSize|smallestScreenSize|locale|layoutDirection|fontScale|screenLayout|density|uiMode"
127-->src/main/AndroidManifest.xml:45:13-163
128            android:hardwareAccelerated="true"
128-->src/main/AndroidManifest.xml:46:13-47
129            android:launchMode="singleTop"
129-->src/main/AndroidManifest.xml:43:13-43
130            android:theme="@style/LaunchTheme"
130-->src/main/AndroidManifest.xml:44:13-47
131            android:windowSoftInputMode="adjustResize" >
131-->src/main/AndroidManifest.xml:47:13-55
132
133            <!--
134                 Specifies an Android theme to apply to this Activity as soon as
135                 the Android process has started. This theme is visible to the user
136                 while the Flutter UI initializes. After that, this theme continues
137                 to determine the Window background behind the Flutter UI.
138            -->
139            <meta-data
139-->src/main/AndroidManifest.xml:52:13-55:17
140                android:name="io.flutter.embedding.android.NormalTheme"
140-->src/main/AndroidManifest.xml:53:15-70
141                android:resource="@style/NormalTheme" />
141-->src/main/AndroidManifest.xml:54:15-52
142            <!--
143                 Displays an Android View that continues showing the launch screen
144                 Drawable until Flutter paints its first frame, then this splash
145                 screen fades out. A splash screen is useful to avoid any visual
146                 gap between the end of Android's launch screen and the painting of
147                 Flutter's first frame.
148            -->
149            <meta-data
149-->src/main/AndroidManifest.xml:61:13-64:17
150                android:name="io.flutter.embedding.android.SplashScreenDrawable"
150-->src/main/AndroidManifest.xml:62:15-79
151                android:resource="@drawable/launch_background" />
151-->src/main/AndroidManifest.xml:63:15-61
152
153            <!-- Firebase notification -->
154            <meta-data
154-->src/main/AndroidManifest.xml:67:13-69:48
155                android:name="com.google.firebase.messaging.default_notification_channel_id"
155-->src/main/AndroidManifest.xml:68:17-93
156                android:value="basic_channel" />
156-->src/main/AndroidManifest.xml:69:17-46
157            <meta-data
157-->src/main/AndroidManifest.xml:71:13-73:64
158                android:name="com.google.firebase.messaging.default_notification_icon"
158-->src/main/AndroidManifest.xml:72:17-87
159                android:resource="@mipmap/notification_icon" />
159-->src/main/AndroidManifest.xml:73:17-61
160
161            <intent-filter>
161-->src/main/AndroidManifest.xml:75:13-78:29
162                <action android:name="android.intent.action.MAIN" />
162-->src/main/AndroidManifest.xml:76:17-68
162-->src/main/AndroidManifest.xml:76:25-66
163
164                <category android:name="android.intent.category.LAUNCHER" />
164-->src/main/AndroidManifest.xml:77:17-76
164-->src/main/AndroidManifest.xml:77:27-74
165            </intent-filter>
166            <intent-filter>
166-->src/main/AndroidManifest.xml:80:13-83:29
167                <action android:name="FLUTTER_NOTIFICATION_CLICK" />
167-->src/main/AndroidManifest.xml:81:17-69
167-->src/main/AndroidManifest.xml:81:25-66
168
169                <category android:name="android.intent.category.DEFAULT" />
169-->src/main/AndroidManifest.xml:82:17-76
169-->src/main/AndroidManifest.xml:82:27-73
170            </intent-filter>
171        </activity>
172        <!--
173             Don't delete the meta-data below.
174             This is used by the Flutter tool to generate GeneratedPluginRegistrant.java
175        -->
176        <meta-data
176-->src/main/AndroidManifest.xml:87:9-89:33
177            android:name="flutterEmbedding"
177-->src/main/AndroidManifest.xml:88:13-44
178            android:value="2" />
178-->src/main/AndroidManifest.xml:89:13-30
179        <meta-data
179-->src/main/AndroidManifest.xml:92:9-93:70
180            android:name="com.google.android.geo.API_KEY"
180-->src/main/AndroidManifest.xml:92:20-65
181            android:value="AIzaSyDnDczEoeUwf7bN5b_-223uvrecPVfzggE" />
181-->src/main/AndroidManifest.xml:93:13-68
182
183        <service
183-->[:firebase_messaging] AndroidManifest.xml:12:9-15:72
184            android:name="io.flutter.plugins.firebase.messaging.FlutterFirebaseMessagingBackgroundService"
184-->[:firebase_messaging] AndroidManifest.xml:13:13-107
185            android:exported="false"
185-->[:firebase_messaging] AndroidManifest.xml:14:13-37
186            android:permission="android.permission.BIND_JOB_SERVICE" />
186-->[:firebase_messaging] AndroidManifest.xml:15:13-69
187        <service
187-->[:firebase_messaging] AndroidManifest.xml:16:9-22:19
188            android:name="io.flutter.plugins.firebase.messaging.FlutterFirebaseMessagingService"
188-->[:firebase_messaging] AndroidManifest.xml:17:13-97
189            android:exported="false" >
189-->[:firebase_messaging] AndroidManifest.xml:18:13-37
190            <intent-filter>
190-->[:firebase_messaging] AndroidManifest.xml:19:13-21:29
191                <action android:name="com.google.firebase.MESSAGING_EVENT" />
191-->[:firebase_messaging] AndroidManifest.xml:20:17-78
191-->[:firebase_messaging] AndroidManifest.xml:20:25-75
192            </intent-filter>
193        </service>
194
195        <receiver
195-->[:firebase_messaging] AndroidManifest.xml:24:9-31:20
196            android:name="io.flutter.plugins.firebase.messaging.FlutterFirebaseMessagingReceiver"
196-->[:firebase_messaging] AndroidManifest.xml:25:13-98
197            android:exported="true"
197-->[:firebase_messaging] AndroidManifest.xml:26:13-36
198            android:permission="com.google.android.c2dm.permission.SEND" >
198-->[:firebase_messaging] AndroidManifest.xml:27:13-73
199            <intent-filter>
199-->[:firebase_messaging] AndroidManifest.xml:28:13-30:29
200                <action android:name="com.google.android.c2dm.intent.RECEIVE" />
200-->[:firebase_messaging] AndroidManifest.xml:29:17-81
200-->[:firebase_messaging] AndroidManifest.xml:29:25-78
201            </intent-filter>
202        </receiver>
203
204        <service
204-->[:firebase_messaging] AndroidManifest.xml:33:9-37:19
205            android:name="com.google.firebase.components.ComponentDiscoveryService"
205-->[:firebase_messaging] AndroidManifest.xml:33:18-89
206            android:directBootAware="true"
206-->[com.google.firebase:firebase-common:20.1.0] AndroidManifest.xml:35:13-43
207            android:exported="false" >
207-->[com.google.firebase:firebase-auth-ktx:21.0.3] AndroidManifest.xml:10:13-37
208            <meta-data
208-->[:firebase_messaging] AndroidManifest.xml:34:13-36:85
209                android:name="com.google.firebase.components:io.flutter.plugins.firebase.messaging.FlutterFirebaseAppRegistrar"
209-->[:firebase_messaging] AndroidManifest.xml:35:17-128
210                android:value="com.google.firebase.components.ComponentRegistrar" />
210-->[:firebase_messaging] AndroidManifest.xml:36:17-82
211            <meta-data
211-->[:firebase_crashlytics] AndroidManifest.xml:9:13-11:85
212                android:name="com.google.firebase.components:io.flutter.plugins.firebase.crashlytics.FlutterFirebaseAppRegistrar"
212-->[:firebase_crashlytics] AndroidManifest.xml:10:17-130
213                android:value="com.google.firebase.components.ComponentRegistrar" />
213-->[:firebase_crashlytics] AndroidManifest.xml:11:17-82
214            <meta-data
214-->[:cloud_firestore] AndroidManifest.xml:9:13-11:85
215                android:name="com.google.firebase.components:io.flutter.plugins.firebase.firestore.FlutterFirebaseFirestoreRegistrar"
215-->[:cloud_firestore] AndroidManifest.xml:10:17-134
216                android:value="com.google.firebase.components.ComponentRegistrar" />
216-->[:cloud_firestore] AndroidManifest.xml:11:17-82
217            <meta-data
217-->[:firebase_auth] AndroidManifest.xml:9:13-11:85
218                android:name="com.google.firebase.components:io.flutter.plugins.firebase.auth.FlutterFirebaseAuthRegistrar"
218-->[:firebase_auth] AndroidManifest.xml:10:17-124
219                android:value="com.google.firebase.components.ComponentRegistrar" />
219-->[:firebase_auth] AndroidManifest.xml:11:17-82
220            <meta-data
220-->[:firebase_storage] AndroidManifest.xml:9:13-11:85
221                android:name="com.google.firebase.components:io.flutter.plugins.firebase.storage.FlutterFirebaseAppRegistrar"
221-->[:firebase_storage] AndroidManifest.xml:10:17-126
222                android:value="com.google.firebase.components.ComponentRegistrar" />
222-->[:firebase_storage] AndroidManifest.xml:11:17-82
223            <meta-data
223-->[:firebase_core] AndroidManifest.xml:9:13-11:85
224                android:name="com.google.firebase.components:io.flutter.plugins.firebase.core.FlutterFirebaseCoreRegistrar"
224-->[:firebase_core] AndroidManifest.xml:10:17-124
225                android:value="com.google.firebase.components.ComponentRegistrar" />
225-->[:firebase_core] AndroidManifest.xml:11:17-82
226            <meta-data
226-->[com.google.firebase:firebase-auth-ktx:21.0.3] AndroidManifest.xml:11:13-13:85
227                android:name="com.google.firebase.components:com.google.firebase.auth.ktx.FirebaseAuthKtxRegistrar"
227-->[com.google.firebase:firebase-auth-ktx:21.0.3] AndroidManifest.xml:12:17-116
228                android:value="com.google.firebase.components.ComponentRegistrar" />
228-->[com.google.firebase:firebase-auth-ktx:21.0.3] AndroidManifest.xml:13:17-82
229            <meta-data
229-->[com.google.firebase:firebase-messaging-ktx:23.0.2] AndroidManifest.xml:29:13-31:85
230                android:name="com.google.firebase.components:com.google.firebase.messaging.ktx.FirebaseMessagingKtxRegistrar"
230-->[com.google.firebase:firebase-messaging-ktx:23.0.2] AndroidManifest.xml:30:17-126
231                android:value="com.google.firebase.components.ComponentRegistrar" />
231-->[com.google.firebase:firebase-messaging-ktx:23.0.2] AndroidManifest.xml:31:17-82
232            <meta-data
232-->[com.google.firebase:firebase-common-ktx:20.1.0] AndroidManifest.xml:15:13-17:85
233                android:name="com.google.firebase.components:com.google.firebase.ktx.FirebaseCommonKtxRegistrar"
233-->[com.google.firebase:firebase-common-ktx:20.1.0] AndroidManifest.xml:16:17-113
234                android:value="com.google.firebase.components.ComponentRegistrar" />
234-->[com.google.firebase:firebase-common-ktx:20.1.0] AndroidManifest.xml:17:17-82
235            <meta-data
235-->[com.google.firebase:firebase-firestore:24.1.0] AndroidManifest.xml:20:13-22:85
236                android:name="com.google.firebase.components:com.google.firebase.firestore.FirestoreRegistrar"
236-->[com.google.firebase:firebase-firestore:24.1.0] AndroidManifest.xml:21:17-111
237                android:value="com.google.firebase.components.ComponentRegistrar" />
237-->[com.google.firebase:firebase-firestore:24.1.0] AndroidManifest.xml:22:17-82
238            <meta-data
238-->[com.google.firebase:firebase-auth:21.0.3] AndroidManifest.xml:67:13-69:85
239                android:name="com.google.firebase.components:com.google.firebase.auth.FirebaseAuthRegistrar"
239-->[com.google.firebase:firebase-auth:21.0.3] AndroidManifest.xml:68:17-109
240                android:value="com.google.firebase.components.ComponentRegistrar" />
240-->[com.google.firebase:firebase-auth:21.0.3] AndroidManifest.xml:69:17-82
241            <meta-data
241-->[com.google.firebase:firebase-messaging:23.0.2] AndroidManifest.xml:55:13-57:85
242                android:name="com.google.firebase.components:com.google.firebase.messaging.FirebaseMessagingRegistrar"
242-->[com.google.firebase:firebase-messaging:23.0.2] AndroidManifest.xml:56:17-119
243                android:value="com.google.firebase.components.ComponentRegistrar" />
243-->[com.google.firebase:firebase-messaging:23.0.2] AndroidManifest.xml:57:17-82
244            <meta-data
244-->[com.google.firebase:firebase-crashlytics:18.2.9] AndroidManifest.xml:18:13-20:85
245                android:name="com.google.firebase.components:com.google.firebase.crashlytics.CrashlyticsRegistrar"
245-->[com.google.firebase:firebase-crashlytics:18.2.9] AndroidManifest.xml:19:17-115
246                android:value="com.google.firebase.components.ComponentRegistrar" />
246-->[com.google.firebase:firebase-crashlytics:18.2.9] AndroidManifest.xml:20:17-82
247            <meta-data
247-->[com.google.firebase:firebase-storage:20.0.1] AndroidManifest.xml:33:13-35:85
248                android:name="com.google.firebase.components:com.google.firebase.storage.StorageRegistrar"
248-->[com.google.firebase:firebase-storage:20.0.1] AndroidManifest.xml:34:17-107
249                android:value="com.google.firebase.components.ComponentRegistrar" />
249-->[com.google.firebase:firebase-storage:20.0.1] AndroidManifest.xml:35:17-82
250            <meta-data
250-->[com.google.firebase:firebase-datatransport:18.1.1] AndroidManifest.xml:28:13-30:85
251                android:name="com.google.firebase.components:com.google.firebase.datatransport.TransportRegistrar"
251-->[com.google.firebase:firebase-datatransport:18.1.1] AndroidManifest.xml:29:17-115
252                android:value="com.google.firebase.components.ComponentRegistrar" />
252-->[com.google.firebase:firebase-datatransport:18.1.1] AndroidManifest.xml:30:17-82
253            <meta-data
253-->[com.google.firebase:firebase-installations:17.0.1] AndroidManifest.xml:18:13-20:85
254                android:name="com.google.firebase.components:com.google.firebase.installations.FirebaseInstallationsRegistrar"
254-->[com.google.firebase:firebase-installations:17.0.1] AndroidManifest.xml:19:17-127
255                android:value="com.google.firebase.components.ComponentRegistrar" />
255-->[com.google.firebase:firebase-installations:17.0.1] AndroidManifest.xml:20:17-82
256        </service>
257
258        <provider
258-->[:firebase_messaging] AndroidManifest.xml:39:9-43:38
259            android:name="io.flutter.plugins.firebase.messaging.FlutterFirebaseMessagingInitProvider"
259-->[:firebase_messaging] AndroidManifest.xml:40:13-102
260            android:authorities="com.deliverymall.driver.flutterfirebasemessaginginitprovider"
260-->[:firebase_messaging] AndroidManifest.xml:41:13-88
261            android:exported="false"
261-->[:firebase_messaging] AndroidManifest.xml:42:13-37
262            android:initOrder="99" />
262-->[:firebase_messaging] AndroidManifest.xml:43:13-35
263
264        <receiver
264-->[:assets_audio_player] AndroidManifest.xml:12:9-14:39
265            android:name="com.github.florent37.assets_audio_player.notification.NotificationActionReceiver"
265-->[:assets_audio_player] AndroidManifest.xml:13:13-108
266            android:exported="true" />
266-->[:assets_audio_player] AndroidManifest.xml:14:13-36
267        <receiver
267-->[:assets_audio_player] AndroidManifest.xml:15:9-21:20
268            android:name="com.github.florent37.assets_audio_player.notification.CustomMediaButtonReceiver"